[INFO] Checking prerequisites...
[2025-09-02 14:24:24] [INFO] Checking prerequisites...
[INFO] Prerequisites check passed
[2025-09-02 14:24:25] [INFO] Prerequisites check passed
[INFO] Starting migration of app: amplitude-experiment
[2025-09-02 14:24:25] [INFO] Starting migration of app: amplitude-experiment
[INFO] Mode: DRY RUN
[2025-09-02 14:24:25] [INFO] Mode: DRY RUN
[INFO] App 'amplitude-experiment' found and validated
[2025-09-02 14:24:25] [INFO] App 'amplitude-experiment' found and validated
[INFO] Creating temporary workspace at /tmp/app-migration-99943
[2025-09-02 14:24:25] [INFO] Creating temporary workspace at /tmp/app-migration-99943
[INFO] Copying app files from marketplace-partner-apps...
[2025-09-02 14:24:25] [INFO] Copying app files from marketplace-partner-apps...
[DEBUG] Files copied to temporary location: /tmp/app-migration-99943/amplitude-experiment
[2025-09-02 14:24:25] [DEBUG] Files copied to temporary location: /tmp/app-migration-99943/amplitude-experiment
[INFO] Adapting package.json for apps repository structure...
[2025-09-02 14:24:25] [INFO] Adapting package.json for apps repository structure...
[DEBUG] package.json adapted for apps repository
[2025-09-02 14:24:25] [DEBUG] package.json adapted for apps repository
[INFO] Adding missing configuration files...
[2025-09-02 14:24:25] [INFO] Adding missing configuration files...
[DEBUG] Adding default vitest.config.ts
[2025-09-02 14:24:25] [DEBUG] Adding default vitest.config.ts
[INFO] Updating dependencies to match apps repository standards...
[2025-09-02 14:24:25] [INFO] Updating dependencies to match apps repository standards...
[INFO] Migrating app to apps repository...
[2025-09-02 14:24:25] [INFO] Migrating app to apps repository...
[INFO] [DRY RUN] Would migrate app to /Users/ryun.song/projects/apps/apps/amplitude-experiment
[2025-09-02 14:24:25] [INFO] [DRY RUN] Would migrate app to /Users/ryun.song/projects/apps/apps/amplitude-experiment
[DEBUG] [DRY RUN] Files that would be copied:
[2025-09-02 14:24:25] [DEBUG] [DRY RUN] Files that would be copied:
[INFO] Migration report created: /Users/ryun.song/projects/apps/migration-report-amplitude-experiment-20250902-142425.md
[2025-09-02 14:24:25] [INFO] Migration report created: /Users/ryun.song/projects/apps/migration-report-amplitude-experiment-20250902-142425.md
[INFO] Migration completed successfully!
[2025-09-02 14:24:25] [INFO] Migration completed successfully!
[INFO] Check the migration report for next steps
[2025-09-02 14:24:25] [INFO] Check the migration report for next steps
[INFO] Cleaning up temporary files...
[2025-09-02 14:24:25] [INFO] Cleaning up temporary files...
