[INFO] Checking prerequisites...
[2025-09-02 14:24:40] [INFO] Checking prerequisites...
[INFO] Prerequisites check passed
[2025-09-02 14:24:40] [INFO] Prerequisites check passed
[INFO] Starting migration of app: amplitude-experiment
[2025-09-02 14:24:40] [INFO] Starting migration of app: amplitude-experiment
[INFO] Mode: LIVE
[2025-09-02 14:24:40] [INFO] Mode: LIVE
[INFO] App 'amplitude-experiment' found and validated
[2025-09-02 14:24:40] [INFO] App 'amplitude-experiment' found and validated
[INFO] Creating temporary workspace at /tmp/app-migration-279
[2025-09-02 14:24:40] [INFO] Creating temporary workspace at /tmp/app-migration-279
[INFO] Copying app files from marketplace-partner-apps...
[2025-09-02 14:24:40] [INFO] Copying app files from marketplace-partner-apps...
[2025-09-02 14:24:40] [DEBUG] Files copied to temporary location: /tmp/app-migration-279/amplitude-experiment
[INFO] Adapting package.json for apps repository structure...
[2025-09-02 14:24:40] [INFO] Adapting package.json for apps repository structure...
[2025-09-02 14:24:40] [DEBUG] package.json adapted for apps repository
[INFO] Adding missing configuration files...
[2025-09-02 14:24:40] [INFO] Adding missing configuration files...
[2025-09-02 14:24:40] [DEBUG] Adding default vitest.config.ts
[INFO] Updating dependencies to match apps repository standards...
[2025-09-02 14:24:40] [INFO] Updating dependencies to match apps repository standards...
[2025-09-02 14:24:40] [DEBUG] Running npm install to update dependencies...
[INFO] Migrating app to apps repository...
[2025-09-02 14:24:42] [INFO] Migrating app to apps repository...
[INFO] App successfully migrated to /Users/ryun.song/projects/apps/apps/amplitude-experiment
[2025-09-02 14:24:42] [INFO] App successfully migrated to /Users/ryun.song/projects/apps/apps/amplitude-experiment
[INFO] Running post-migration setup...
[2025-09-02 14:24:42] [INFO] Running post-migration setup...
[INFO] Running lerna bootstrap for the new app...
[2025-09-02 14:24:42] [INFO] Running lerna bootstrap for the new app...
[INFO] Testing app build...
[2025-09-02 14:24:46] [INFO] Testing app build...
[WARN] App build failed - manual fixes may be required
[2025-09-02 14:24:47] [WARN] App build failed - manual fixes may be required
[INFO] Post-migration setup completed
[2025-09-02 14:24:47] [INFO] Post-migration setup completed
[INFO] Migration report created: /Users/ryun.song/projects/apps/migration-report-amplitude-experiment-20250902-142447.md
[2025-09-02 14:24:47] [INFO] Migration report created: /Users/ryun.song/projects/apps/migration-report-amplitude-experiment-20250902-142447.md
[INFO] Migration completed successfully!
[2025-09-02 14:24:47] [INFO] Migration completed successfully!
[INFO] Check the migration report for next steps
[2025-09-02 14:24:47] [INFO] Check the migration report for next steps
[INFO] Cleaning up temporary files...
[2025-09-02 14:24:47] [INFO] Cleaning up temporary files...
